<?xml version="1.0" encoding="UTF-8"?>
<testsuites>
  <testsuite name="Test suite Homework 3" timestamp="2023-11-12T18:40:18" time="12.952" tests="2" failures="0" errors="0" skipped="0">
    <properties>
      <property name="specId" value="0"/>
      <property name="suiteName" value="Test suite - Homework 3"/>
      <property name="capabilities" value="chrome.119_0_6045_124.windows"/>
      <property name="file" value="file:///C:/Users/dmeli/Desktop/EPAM_IntroAutomatedTestingJS/introAutomatedTestingJS/test/specs/test.e2e.js"/>
    </properties>
    <testcase classname="chrome.119_0_6045_124.windows.Test_suite_-_Homework_3" name="Fifth Test Setting and getting cookies on webPage" time="3.287">
      <system-out><![CDATA[
COMMAND: POST /session/ab56d67e604f19ddd29be742163c220c/url - {"url":"https://www.fisicalab.com/tema/optica-geometrica"}
RESULT: {"url":"https://www.fisicalab.com/tema/optica-geometrica"}
COMMAND: POST /session/ab56d67e604f19ddd29be742163c220c/cookie - {"cookie":{"name":"test1","value":"Galletita Uno!"}}
RESULT: {"cookie":{"name":"test1","value":"Galletita Uno!"}}
COMMAND: GET /session/ab56d67e604f19ddd29be742163c220c/cookie - {}
RESULT: {}
]]></system-out>
    </testcase>
    <testcase classname="chrome.119_0_6045_124.windows.Test_suite_-_Homework_3" name="Sixth Test testing Local Storage" time="9.647">
      <system-out><![CDATA[
COMMAND: POST /session/ab56d67e604f19ddd29be742163c220c/execute/sync - {"script":"return (function (key, value) {\r\n            window.localStorage.setItem(key, value);\r\n        }).apply(null, arguments)","args":["myLocalStorage","Datos random que quiero guardar"]}
RESULT: {"script":"return (function (key, value) {\r\n            window.localStorage.setItem(key, value);\r\n        }).apply(null, arguments)","args":["myLocalStorage","Datos random que quiero guardar"]}
COMMAND: POST /session/ab56d67e604f19ddd29be742163c220c/execute/sync - {"script":"return (function (key) {\r\n            return window.localStorage.getItem(key);\r\n        }).apply(null, arguments)","args":["myLocalStorage"]}
RESULT: {"script":"return (function (key) {\r\n            return window.localStorage.getItem(key);\r\n        }).apply(null, arguments)","args":["myLocalStorage"]}
COMMAND: DELETE /session/ab56d67e604f19ddd29be742163c220c - {}
RESULT: {}
]]></system-out>
    </testcase>
  </testsuite>
</testsuites>